{
  "stats": {
    "suites": 1,
    "tests": 1,
    "passes": 1,
    "pending": 0,
    "failures": 0,
    "start": "2026-06-27T18:29:38.578Z",
    "end": "2026-06-27T18:29:38.900Z",
    "duration": 322,
    "testsRegistered": 1,
    "passPercent": 100,
    "pendingPercent": 0,
    "other": 0,
    "hasOther": false,
    "skipped": 0,
    "hasSkipped": false
  },
  "results": [
    {
      "uuid": "c35ff15c-cd8c-467d-a04f-5ddf133c1e10",
      "title": "",
      "fullFile": "cypress\\e2e\\api_tests\\trello_api.cy.js",
      "file": "cypress\\e2e\\api_tests\\trello_api.cy.js",
      "beforeHooks": [],
      "afterHooks": [],
      "tests": [],
      "suites": [
        {
          "uuid": "60f353a2-2ea2-4735-bfd1-ca2955de4eb4",
          "title": "Desafio de API - Trello",
          "fullFile": "",
          "file": "",
          "beforeHooks": [],
          "afterHooks": [],
          "tests": [
            {
              "title": "Deve validar o campo 'name' da estrutura 'list' e o status code 200",
              "fullTitle": "Desafio de API - Trello Deve validar o campo 'name' da estrutura 'list' e o status code 200",
              "timedOut": null,
              "duration": 299,
              "state": "passed",
              "speed": "fast",
              "pass": true,
              "fail": false,
              "pending": false,
              "context": null,
              "code": "cy.request(\"GET\", \"https://api.trello.com/1/actions/592f11060f95a3d3d46a987a\").then((response) => {\n  expect(response.status).to.eq(200);\n  const nomeDaLista = response.body.data.list.name;\n  cy.log(\"Nome da lista encontrada: \" + nomeDaLista);\n  expect(nomeDaLista).to.not.be.empty;\n});",
              "err": {},
              "uuid": "48615428-1b48-4359-8983-8825353474a0",
              "parentUUID": "60f353a2-2ea2-4735-bfd1-ca2955de4eb4",
              "isHook": false,
              "skipped": false
            }
          ],
          "suites": [],
          "passes": [
            "48615428-1b48-4359-8983-8825353474a0"
          ],
          "failures": [],
          "pending": [],
          "skipped": [],
          "duration": 299,
          "root": false,
          "rootEmpty": false,
          "_timeout": 2000
        }
      ],
      "passes": [],
      "failures": [],
      "pending": [],
      "skipped": [],
      "duration": 0,
      "root": true,
      "rootEmpty": true,
      "_timeout": 2000
    }
  ],
  "meta": {
    "mocha": {
      "version": "7.2.0"
    },
    "mochawesome": {
      "options": {
        "quiet": false,
        "reportFilename": "mochawesome",
        "saveHtml": true,
        "saveJson": true,
        "consoleReporter": "spec",
        "useInlineDiffs": false,
        "code": true
      },
      "version": "7.1.4"
    },
    "marge": {
      "options": {
        "reportDir": "cypress/results",
        "overwrite": false,
        "html": true,
        "json": true
      },
      "version": "6.3.2"
    }
  }
}